<?xml version="1.0" encoding="UTF-8"?>
<!-- Generated by org.testng.reporters.JUnitXMLReporter -->
<testsuite ignored="7" hostname="IN-MH1LPW101884" failures="1" tests="6" name="MyAutomationRegressionTest" time="122.529" errors="0" timestamp="2021-02-24T12:15:57 IST">
  <testcase classname="smapletest.loginTest" name="loginTest06" time="18.408"/>
  <testcase classname="smapletest.OtherWebControlTest" name="OtherControlTest01" time="16.22"/>
  <testcase classname="smapletest.OtherWebControlTest" name="OtherControlTest02" time="0.014">
    <failure type="org.openqa.selenium.NoSuchSessionException" message="Session ID is null. Using WebDriver after calling quit()?
Build info: version: &amp;apos;3.141.59&amp;apos;, revision: &amp;apos;e82be7d358&amp;apos;, time: &amp;apos;2018-11-14T08:17:03&amp;apos;
System info: host: &amp;apos;IN-MH1LPW101884&amp;apos;, ip: &amp;apos;192.168.10.15&amp;apos;, os.name: &amp;apos;Windows 10&amp;apos;, os.arch: &amp;apos;amd64&amp;apos;, os.version: &amp;apos;10.0&amp;apos;, java.version: &amp;apos;15.0.1&amp;apos;
Driver info: driver.version: RemoteWebDriver">
      <![CDATA[org.openqa.selenium.NoSuchSessionException: Session ID is null. Using WebDriver after calling quit()?
Build info: version: '3.141.59', revision: 'e82be7d358', time: '2018-11-14T08:17:03'
System info: host: 'IN-MH1LPW101884', ip: '192.168.10.15', os.name: 'Windows 10', os.arch: 'amd64', os.version: '10.0', java.version: '15.0.1'
Driver info: driver.version: RemoteWebDriver
at org.openqa.selenium.remote.HttpCommandExecutor.execute(HttpCommandExecutor.java:125)
at org.openqa.selenium.remote.service.DriverCommandExecutor.execute(DriverCommandExecutor.java:83)
at org.openqa.selenium.remote.RemoteWebDriver.execute(RemoteWebDriver.java:552)
at org.openqa.selenium.remote.RemoteWebDriver.get(RemoteWebDriver.java:277)
at smapletest.OtherWebControlTest.validLogin(OtherWebControlTest.java:48)
at smapletest.OtherWebControlTest.OtherControlTest02(OtherWebControlTest.java:117)
at java.base/java.util.ArrayList.forEach(ArrayList.java:1511)
... Removed 27 stack frames]]>
    </failure>
  </testcase> <!-- OtherControlTest02 -->
  <testcase classname="smapletest.LeaveMenuTest" name="myTest" time="14.708"/>
  <testcase classname="cssselectortest.CssSelectorTest" name="cssTest01" time="4.706"/>
  <testcase classname="smapletest.AlertTest" name="radioBtnTest01" time="4.291"/>
  <testcase classname="smapletest.loginTest" name="loginTest02" time="0.0">
    <ignored/>
  </testcase> <!-- loginTest02 -->
  <testcase classname="smapletest.loginTest" name="loginTest04" time="0.0">
    <ignored/>
  </testcase> <!-- loginTest04 -->
  <testcase classname="smapletest.loginTest" name="loginTest01" time="0.0">
    <ignored/>
  </testcase> <!-- loginTest01 -->
  <testcase classname="smapletest.AlertTest" name="alertTest02" time="0.0">
    <ignored/>
  </testcase> <!-- alertTest02 -->
  <testcase classname="smapletest.loginTest" name="loginTest03" time="0.0">
    <ignored/>
  </testcase> <!-- loginTest03 -->
  <testcase classname="smapletest.loginTest" name="loginTest05" time="0.0">
    <ignored/>
  </testcase> <!-- loginTest05 -->
  <testcase classname="smapletest.AlertTest" name="alertTest01" time="0.0">
    <ignored/>
  </testcase> <!-- alertTest01 -->
</testsuite> <!-- MyAutomationRegressionTest -->
